  grabCut-main.cpp
C:\Users\Lenovo\Desktop\NKU_paper\maxflow\grabCut-main.cpp(1,1): warning C4819: 该文件包含不能在当前代码页(936)中表示的字符。请将该文件保存为 Unicode 格式以防止数据丢失
C:\Users\Lenovo\source\repos\ConsoleApplication1\myHeadFiles\myGrabCut.h(45,52): warning C4244: “=”: 从“float”转换到“_Tp”，可能丢失数据
          with
          [
              _Tp=uchar
          ]
C:\Users\Lenovo\source\repos\ConsoleApplication1\myHeadFiles\myGrabCut.h(46,52): warning C4244: “=”: 从“float”转换到“_Tp”，可能丢失数据
          with
          [
              _Tp=uchar
          ]
C:\Users\Lenovo\source\repos\ConsoleApplication1\myHeadFiles\myGrabCut.h(47,52): warning C4244: “=”: 从“float”转换到“_Tp”，可能丢失数据
          with
          [
              _Tp=uchar
          ]
C:\Users\Lenovo\source\repos\ConsoleApplication1\myHeadFiles\myGrabCut.h(81,37): warning C4244: “初始化”: 从“double”转换到“float”，可能丢失数据
C:\Users\Lenovo\source\repos\ConsoleApplication1\myHeadFiles\myGrabCut.h(92,50): warning C4244: “=”: 从“const _Ty2”转换到“float”，可能丢失数据
          with
          [
              _Ty2=int
          ]
  正在生成代码
  7 of 526 functions ( 1.3%) were compiled, the rest were copied from previous compilation.
    0 functions were new in current compilation
    1 functions had inline decision re-evaluated but remain unchanged
  已完成代码的生成
  ConsoleApplication1.vcxproj -> C:\Users\Lenovo\source\repos\ConsoleApplication1\x64\Release\ConsoleApplication1.exe
